{
  "c410a02493212ab9b1466f7e7d9f169b" : {
    "statistic" : {
      "failed" : 0,
      "broken" : 1,
      "skipped" : 0,
      "passed" : 0,
      "unknown" : 0,
      "total" : 1
    },
    "items" : [ {
      "uid" : "52789b53049c56e6",
      "status" : "broken",
      "statusDetails" : "selenium.common.exceptions.TimeoutException: Message: \n            failed while waiting 15 seconds\n            to assert Visible\n            for first_by('css selector', 'div#password input')\n\n            reason: NoSuchElementException: Message: no such element: Unable to locate element: {\"method\":\"css selector\",\"selector\":\"div#password input\"}\n  (Session info: chrome=80.0.3987.132)\n\n            screenshot: file:///usr/src/x5/reports/selene/screen_1660683412181.png",
      "time" : {
        "start" : 1660683413986,
        "stop" : 1660683434525,
        "duration" : 20539
      }
    } ]
  },
  "f6d7939319a2c4c6c9c7ef437233b2bc" : {
    "statistic" : {
      "failed" : 0,
      "broken" : 1,
      "skipped" : 0,
      "passed" : 0,
      "unknown" : 0,
      "total" : 1
    },
    "items" : [ {
      "uid" : "2775451575ee2648",
      "status" : "broken",
      "statusDetails" : "selenium.common.exceptions.TimeoutException: Message: \n            failed while waiting 15 seconds\n            to assert Visible\n            for first_by('css selector', 'div#password input')\n\n            reason: NoSuchElementException: Message: no such element: Unable to locate element: {\"method\":\"css selector\",\"selector\":\"div#password input\"}\n  (Session info: chrome=80.0.3987.132)\n\n            screenshot: file:///usr/src/x5/reports/selene/screen_1660683412182.png",
      "time" : {
        "start" : 1660683437359,
        "stop" : 1660683456579,
        "duration" : 19220
      }
    } ]
  }
}